Построение начато 17.07.2015 7:55:47.
     1>Проект "C:\Users\acer1\documents\visual studio 2010\Projects\myNewOpenCv\myNewOpenCv\myNewOpenCv.vcxproj" в узле 2 (целевые объекты build).
     1>InitializeBuildStatus:
         Обращение к "Debug\myNewOpenCv.unsuccessfulbuild".
       ClCompile:
         c:\Program Files (x86)\Microsoft Visual Studio 10.0\VC\bin\CL.exe /c /IC:\opencv243\build\include /ZI /nologo /W3 /WX- /Od /Oy- /D WIN32 /D _DEBUG /D _CONSOLE /D _UNICODE /D UNICODE /Gm /EHsc /RTC1 /MDd /GS /fp:precise /Zc:wchar_t /Zc:forScope /Fo"Debug\\" /Fd"Debug\vc100.pdb" /Gd /TP /analyze- /errorReport:prompt main.cpp
         main.cpp
     1>c:\opencv243\build\include\opencv2\flann\flann.hpp(233): warning C4996: 'cv::flann::Index_<T>': объявлен deprecate
                 c:\opencv243\build\include\opencv2\flann\flann.hpp(278): см. ссылку на создание экземпляров класса шаблон при компиляции "cv::flann::Index_<T>"
     1>c:\users\acer1\documents\visual studio 2010\projects\mynewopencv\mynewopencv\main.cpp(44): warning C4018: <: несоответствие типов со знаком и без знака
     1>c:\users\acer1\documents\visual studio 2010\projects\mynewopencv\mynewopencv\main.cpp(50): warning C4018: <: несоответствие типов со знаком и без знака
       ManifestResourceCompile:
         Для всех выходных данных обновления не требуется.
       Link:
         c:\Program Files (x86)\Microsoft Visual Studio 10.0\VC\bin\link.exe /ERRORREPORT:PROMPT /OUT:"C:\Users\acer1\documents\visual studio 2010\Projects\myNewOpenCv\Debug\myNewOpenCv.exe" /INCREMENTAL /NOLOGO /LIBPATH:C:\opencv243\build\x86\vc10\lib opencv_calib3d231d.lib opencv_contrib231d.lib opencv_core231d.lib opencv_features2d231d.lib opencv_flann231d.lib opencv_gpu231d.lib opencv_haartraining_engined.lib opencv_highgui231d.lib opencv_imgproc231d.lib opencv_legacy231d.lib opencv_ml231d.lib opencv_objdetect231d.lib opencv_ts231d.lib opencv_video231d.lib kernel32.lib user32.lib gdi32.lib winspool.lib comdlg32.lib advapi32.lib shell32.lib ole32.lib oleaut32.lib uuid.lib odbc32.lib odbccp32.lib /MANIFEST /ManifestFile:"Debug\myNewOpenCv.exe.intermediate.manifest" /MANIFESTUAC:"level='asInvoker' uiAccess='false'" /DEBUG /PDB:"C:\Users\acer1\documents\visual studio 2010\Projects\myNewOpenCv\Debug\myNewOpenCv.pdb" /SUBSYSTEM:CONSOLE /TLBID:1 /DYNAMICBASE /NXCOMPAT /IMPLIB:"C:\Users\acer1\documents\visual studio 2010\Projects\myNewOpenCv\Debug\myNewOpenCv.lib" /MACHINE:X86 Debug\myNewOpenCv.exe.embed.manifest.res
         Debug\main.obj
       Manifest:
         c:\Program Files (x86)\Microsoft SDKs\Windows\v7.0A\bin\mt.exe /nologo /verbose /out:"Debug\myNewOpenCv.exe.embed.manifest" /manifest Debug\myNewOpenCv.exe.intermediate.manifest
         Для всех выходных данных обновления не требуется.
       LinkEmbedManifest:
         Для всех выходных данных обновления не требуется.
         myNewOpenCv.vcxproj -> C:\Users\acer1\documents\visual studio 2010\Projects\myNewOpenCv\Debug\myNewOpenCv.exe
       FinalizeBuildStatus:
         Файл "Debug\myNewOpenCv.unsuccessfulbuild" удаляется.
         Обращение к "Debug\myNewOpenCv.lastbuildstate".
     1>Построение проекта "C:\Users\acer1\documents\visual studio 2010\Projects\myNewOpenCv\myNewOpenCv\myNewOpenCv.vcxproj" завершено (целевые объекты build).

Построение успешно завершено.

Затраченное время: 00:00:03.70
