C:\USERS\ACER1\DOCUMENTS\VISUAL STUDIO 2010\PROJECTS\MYNEWOPENCV\DEBUG\MYNEWOPENCV.EXE
C:\USERS\ACER1\DOCUMENTS\VISUAL STUDIO 2010\PROJECTS\MYNEWOPENCV\DEBUG\MYNEWOPENCV.ILK
C:\USERS\ACER1\DOCUMENTS\VISUAL STUDIO 2010\PROJECTS\MYNEWOPENCV\DEBUG\MYNEWOPENCV.PDB
C:\Users\acer1\documents\visual studio 2010\Projects\myNewOpenCv\myNewOpenCv\Debug\cl.command.1.tlog
C:\Users\acer1\documents\visual studio 2010\Projects\myNewOpenCv\myNewOpenCv\Debug\CL.read.1.tlog
C:\Users\acer1\documents\visual studio 2010\Projects\myNewOpenCv\myNewOpenCv\Debug\CL.write.1.tlog
C:\Users\acer1\documents\visual studio 2010\Projects\myNewOpenCv\myNewOpenCv\Debug\link.11716.read.1.tlog
C:\Users\acer1\documents\visual studio 2010\Projects\myNewOpenCv\myNewOpenCv\Debug\link.11716.write.1.tlog
C:\Users\acer1\documents\visual studio 2010\Projects\myNewOpenCv\myNewOpenCv\Debug\link.11716-cvtres.read.1.tlog
C:\Users\acer1\documents\visual studio 2010\Projects\myNewOpenCv\myNewOpenCv\Debug\link.11716-cvtres.write.1.tlog
C:\Users\acer1\documents\visual studio 2010\Projects\myNewOpenCv\myNewOpenCv\Debug\link.12656.read.1.tlog
C:\Users\acer1\documents\visual studio 2010\Projects\myNewOpenCv\myNewOpenCv\Debug\link.12656.write.1.tlog
C:\Users\acer1\documents\visual studio 2010\Projects\myNewOpenCv\myNewOpenCv\Debug\link.12656-cvtres.read.1.tlog
C:\Users\acer1\documents\visual studio 2010\Projects\myNewOpenCv\myNewOpenCv\Debug\link.12656-cvtres.write.1.tlog
C:\Users\acer1\documents\visual studio 2010\Projects\myNewOpenCv\myNewOpenCv\Debug\link.13620.read.1.tlog
C:\Users\acer1\documents\visual studio 2010\Projects\myNewOpenCv\myNewOpenCv\Debug\link.13620.write.1.tlog
C:\Users\acer1\documents\visual studio 2010\Projects\myNewOpenCv\myNewOpenCv\Debug\link.13620-cvtres.read.1.tlog
C:\Users\acer1\documents\visual studio 2010\Projects\myNewOpenCv\myNewOpenCv\Debug\link.13620-cvtres.write.1.tlog
C:\Users\acer1\documents\visual studio 2010\Projects\myNewOpenCv\myNewOpenCv\Debug\link.command.1.tlog
C:\Users\acer1\documents\visual studio 2010\Projects\myNewOpenCv\myNewOpenCv\Debug\link.read.1.tlog
C:\Users\acer1\documents\visual studio 2010\Projects\myNewOpenCv\myNewOpenCv\Debug\link.write.1.tlog
C:\Users\acer1\documents\visual studio 2010\Projects\myNewOpenCv\myNewOpenCv\Debug\link-cvtres.read.1.tlog
C:\Users\acer1\documents\visual studio 2010\Projects\myNewOpenCv\myNewOpenCv\Debug\link-cvtres.write.1.tlog
C:\USERS\ACER1\DOCUMENTS\VISUAL STUDIO 2010\PROJECTS\MYNEWOPENCV\MYNEWOPENCV\DEBUG\MAIN.OBJ
C:\Users\acer1\documents\visual studio 2010\Projects\myNewOpenCv\myNewOpenCv\Debug\mt.command.1.tlog
C:\Users\acer1\documents\visual studio 2010\Projects\myNewOpenCv\myNewOpenCv\Debug\mt.read.1.tlog
C:\Users\acer1\documents\visual studio 2010\Projects\myNewOpenCv\myNewOpenCv\Debug\mt.write.1.tlog
C:\USERS\ACER1\DOCUMENTS\VISUAL STUDIO 2010\PROJECTS\MYNEWOPENCV\MYNEWOPENCV\DEBUG\MYNEWOPENCV.EXE.EMBED.MANIFEST
C:\USERS\ACER1\DOCUMENTS\VISUAL STUDIO 2010\PROJECTS\MYNEWOPENCV\MYNEWOPENCV\DEBUG\MYNEWOPENCV.EXE.EMBED.MANIFEST.RES
C:\USERS\ACER1\DOCUMENTS\VISUAL STUDIO 2010\PROJECTS\MYNEWOPENCV\MYNEWOPENCV\DEBUG\MYNEWOPENCV.EXE.INTERMEDIATE.MANIFEST
C:\Users\acer1\documents\visual studio 2010\Projects\myNewOpenCv\myNewOpenCv\Debug\myNewOpenCv.vcxprojResolveAssemblyReference.cache
C:\Users\acer1\documents\visual studio 2010\Projects\myNewOpenCv\myNewOpenCv\Debug\myNewOpenCv.write.1.tlog
C:\Users\acer1\documents\visual studio 2010\Projects\myNewOpenCv\myNewOpenCv\Debug\myNewOpenCv_manifest.rc
C:\Users\acer1\documents\visual studio 2010\Projects\myNewOpenCv\myNewOpenCv\Debug\rc.command.1.tlog
C:\Users\acer1\documents\visual studio 2010\Projects\myNewOpenCv\myNewOpenCv\Debug\rc.read.1.tlog
C:\Users\acer1\documents\visual studio 2010\Projects\myNewOpenCv\myNewOpenCv\Debug\rc.write.1.tlog
C:\Users\acer1\documents\visual studio 2010\Projects\myNewOpenCv\myNewOpenCv\Debug\vc100.idb
C:\USERS\ACER1\DOCUMENTS\VISUAL STUDIO 2010\PROJECTS\MYNEWOPENCV\MYNEWOPENCV\DEBUG\VC100.PDB
